  FSM.cpp
c:\users\matth\documents\saberbomb_ghostinvaders_alpha\ghostinvaders_beta\player.h(16): warning C4244: '=': conversion from 'float' to 'int', possible loss of data
c:\users\matth\documents\saberbomb_ghostinvaders_alpha\ghostinvaders_beta\player.h(17): warning C4244: '=': conversion from 'float' to 'int', possible loss of data
c:\users\matth\documents\saberbomb_ghostinvaders_alpha\ghostinvaders_beta\enemy.h(42): warning C4244: '=': conversion from 'float' to 'int', possible loss of data
c:\users\matth\documents\saberbomb_ghostinvaders_alpha\ghostinvaders_beta\enemy.h(43): warning C4244: '=': conversion from 'float' to 'int', possible loss of data
c:\users\matth\documents\saberbomb_ghostinvaders_alpha\ghostinvaders_beta\bullet.h(16): warning C4244: '=': conversion from 'float' to 'int', possible loss of data
c:\users\matth\documents\saberbomb_ghostinvaders_alpha\ghostinvaders_beta\bullet.h(17): warning C4244: '=': conversion from 'float' to 'int', possible loss of data
c:\users\matth\documents\saberbomb_ghostinvaders_alpha\ghostinvaders_beta\bullet.h(23): warning C4244: '=': conversion from 'float' to 'int', possible loss of data
c:\users\matth\documents\saberbomb_ghostinvaders_alpha\ghostinvaders_beta\bullet.h(24): warning C4244: '=': conversion from 'float' to 'int', possible loss of data
c:\users\matth\documents\saberbomb_ghostinvaders_alpha\ghostinvaders_beta\bullet.h(66): warning C4244: '=': conversion from 'float' to 'int', possible loss of data
c:\users\matth\documents\saberbomb_ghostinvaders_alpha\ghostinvaders_beta\bullet.h(67): warning C4244: '=': conversion from 'float' to 'int', possible loss of data
c:\users\matth\documents\saberbomb_ghostinvaders_alpha\ghostinvaders_beta\explosion.h(17): warning C4244: '=': conversion from 'float' to 'int', possible loss of data
c:\users\matth\documents\saberbomb_ghostinvaders_alpha\ghostinvaders_beta\explosion.h(18): warning C4244: '=': conversion from 'float' to 'int', possible loss of data
c:\users\matth\documents\saberbomb_ghostinvaders_alpha\ghostinvaders_beta\explosion.h(19): warning C4244: '=': conversion from 'float' to 'int', possible loss of data
c:\users\matth\documents\saberbomb_ghostinvaders_alpha\ghostinvaders_beta\explosion.h(20): warning C4244: '=': conversion from 'float' to 'int', possible loss of data
c:\users\matth\documents\saberbomb_ghostinvaders_alpha\ghostinvaders_beta\items.h(22): warning C4244: '=': conversion from 'float' to 'int', possible loss of data
c:\users\matth\documents\saberbomb_ghostinvaders_alpha\ghostinvaders_beta\items.h(23): warning C4244: '=': conversion from 'float' to 'int', possible loss of data
c:\users\matth\documents\saberbomb_ghostinvaders_alpha\ghostinvaders_beta\fsm.cpp(325): warning C4018: '<': signed/unsigned mismatch
c:\users\matth\documents\saberbomb_ghostinvaders_alpha\ghostinvaders_beta\fsm.cpp(343): warning C4018: '<': signed/unsigned mismatch
c:\users\matth\documents\saberbomb_ghostinvaders_alpha\ghostinvaders_beta\fsm.cpp(346): warning C4018: '<': signed/unsigned mismatch
c:\users\matth\documents\saberbomb_ghostinvaders_alpha\ghostinvaders_beta\fsm.cpp(354): warning C4018: '<': signed/unsigned mismatch
c:\users\matth\documents\saberbomb_ghostinvaders_alpha\ghostinvaders_beta\fsm.cpp(360): warning C4018: '<': signed/unsigned mismatch
c:\users\matth\documents\saberbomb_ghostinvaders_alpha\ghostinvaders_beta\fsm.cpp(361): warning C4018: '<': signed/unsigned mismatch
c:\users\matth\documents\saberbomb_ghostinvaders_alpha\ghostinvaders_beta\fsm.cpp(376): warning C4244: 'argument': conversion from 'int' to 'float', possible loss of data
c:\users\matth\documents\saberbomb_ghostinvaders_alpha\ghostinvaders_beta\fsm.cpp(375): warning C4244: 'argument': conversion from 'int' to 'float', possible loss of data
c:\users\matth\documents\saberbomb_ghostinvaders_alpha\ghostinvaders_beta\fsm.cpp(395): warning C4244: 'argument': conversion from 'int' to 'float', possible loss of data
c:\users\matth\documents\saberbomb_ghostinvaders_alpha\ghostinvaders_beta\fsm.cpp(397): warning C4244: 'argument': conversion from 'int' to 'float', possible loss of data
c:\users\matth\documents\saberbomb_ghostinvaders_alpha\ghostinvaders_beta\fsm.cpp(416): warning C4018: '<': signed/unsigned mismatch
c:\users\matth\documents\saberbomb_ghostinvaders_alpha\ghostinvaders_beta\fsm.cpp(432): warning C4244: 'argument': conversion from 'int' to 'float', possible loss of data
c:\users\matth\documents\saberbomb_ghostinvaders_alpha\ghostinvaders_beta\fsm.cpp(431): warning C4244: 'argument': conversion from 'int' to 'float', possible loss of data
c:\users\matth\documents\saberbomb_ghostinvaders_alpha\ghostinvaders_beta\fsm.cpp(458): warning C4018: '<': signed/unsigned mismatch
c:\users\matth\documents\saberbomb_ghostinvaders_alpha\ghostinvaders_beta\fsm.cpp(483): warning C4018: '<': signed/unsigned mismatch
c:\users\matth\documents\saberbomb_ghostinvaders_alpha\ghostinvaders_beta\fsm.cpp(512): warning C4018: '<': signed/unsigned mismatch
c:\users\matth\documents\saberbomb_ghostinvaders_alpha\ghostinvaders_beta\fsm.cpp(517): warning C4018: '<': signed/unsigned mismatch
c:\users\matth\documents\saberbomb_ghostinvaders_alpha\ghostinvaders_beta\fsm.cpp(545): warning C4018: '<': signed/unsigned mismatch
  1014-project.vcxproj -> C:\Users\Matth\Documents\Saberbomb_GhostInvaders_Alpha\GhostInvaders_Beta\Debug\1014-project.exe
